mode: set
github.com/fanap-infra/archiverMedia/pkg/utils/array.go:9.52,10.22 1 0
github.com/fanap-infra/archiverMedia/pkg/utils/array.go:15.2,15.14 1 0
github.com/fanap-infra/archiverMedia/pkg/utils/array.go:10.22,11.13 1 0
github.com/fanap-infra/archiverMedia/pkg/utils/array.go:11.13,13.4 1 0
github.com/fanap-infra/archiverMedia/pkg/utils/array.go:18.63,20.33 2 1
github.com/fanap-infra/archiverMedia/pkg/utils/array.go:23.2,23.33 1 1
github.com/fanap-infra/archiverMedia/pkg/utils/array.go:29.2,29.14 1 1
github.com/fanap-infra/archiverMedia/pkg/utils/array.go:20.33,22.3 1 0
github.com/fanap-infra/archiverMedia/pkg/utils/array.go:23.33,24.39 1 1
github.com/fanap-infra/archiverMedia/pkg/utils/array.go:24.39,26.4 1 1
github.com/fanap-infra/archiverMedia/pkg/utils/fs.go:11.39,13.24 2 0
github.com/fanap-infra/archiverMedia/pkg/utils/fs.go:16.2,16.22 1 0
github.com/fanap-infra/archiverMedia/pkg/utils/fs.go:13.24,15.3 1 0
github.com/fanap-infra/archiverMedia/pkg/utils/fs.go:20.44,22.24 2 0
github.com/fanap-infra/archiverMedia/pkg/utils/fs.go:25.2,25.21 1 0
github.com/fanap-infra/archiverMedia/pkg/utils/fs.go:22.24,24.3 1 0
github.com/fanap-infra/archiverMedia/pkg/utils/fs.go:28.53,30.86 2 0
github.com/fanap-infra/archiverMedia/pkg/utils/fs.go:45.2,45.16 1 0
github.com/fanap-infra/archiverMedia/pkg/utils/fs.go:48.2,48.21 1 0
github.com/fanap-infra/archiverMedia/pkg/utils/fs.go:30.86,31.17 1 0
github.com/fanap-infra/archiverMedia/pkg/utils/fs.go:34.3,34.19 1 0
github.com/fanap-infra/archiverMedia/pkg/utils/fs.go:37.3,37.87 1 0
github.com/fanap-infra/archiverMedia/pkg/utils/fs.go:43.3,43.13 1 0
github.com/fanap-infra/archiverMedia/pkg/utils/fs.go:31.17,33.4 1 0
github.com/fanap-infra/archiverMedia/pkg/utils/fs.go:34.19,36.4 1 0
github.com/fanap-infra/archiverMedia/pkg/utils/fs.go:37.87,39.4 1 0
github.com/fanap-infra/archiverMedia/pkg/utils/fs.go:39.9,39.21 1 0
github.com/fanap-infra/archiverMedia/pkg/utils/fs.go:39.21,42.4 2 0
github.com/fanap-infra/archiverMedia/pkg/utils/fs.go:45.16,47.3 1 0
github.com/fanap-infra/archiverMedia/pkg/utils/fs.go:51.45,54.30 3 0
github.com/fanap-infra/archiverMedia/pkg/utils/fs.go:62.2,62.17 1 0
github.com/fanap-infra/archiverMedia/pkg/utils/fs.go:54.30,55.18 1 0
github.com/fanap-infra/archiverMedia/pkg/utils/fs.go:58.3,58.18 1 0
github.com/fanap-infra/archiverMedia/pkg/utils/fs.go:55.18,57.4 1 0
github.com/fanap-infra/archiverMedia/pkg/utils/fs.go:58.18,60.4 1 0
github.com/fanap-infra/archiverMedia/pkg/utils/fs.go:65.40,67.16 2 0
github.com/fanap-infra/archiverMedia/pkg/utils/fs.go:70.2,70.20 1 0
github.com/fanap-infra/archiverMedia/pkg/utils/fs.go:73.2,73.8 1 0
github.com/fanap-infra/archiverMedia/pkg/utils/fs.go:67.16,69.3 1 0
github.com/fanap-infra/archiverMedia/pkg/utils/fs.go:70.20,72.3 1 0
github.com/fanap-infra/archiverMedia/pkg/utils/fs.go:76.42,78.79 2 0
github.com/fanap-infra/archiverMedia/pkg/utils/fs.go:87.2,87.18 1 0
github.com/fanap-infra/archiverMedia/pkg/utils/fs.go:78.79,79.17 1 0
github.com/fanap-infra/archiverMedia/pkg/utils/fs.go:82.3,82.20 1 0
github.com/fanap-infra/archiverMedia/pkg/utils/fs.go:85.3,85.13 1 0
github.com/fanap-infra/archiverMedia/pkg/utils/fs.go:79.17,81.4 1 0
github.com/fanap-infra/archiverMedia/pkg/utils/fs.go:82.20,84.4 1 0
github.com/fanap-infra/archiverMedia/pkg/utils/fs.go:90.76,92.13 2 0
github.com/fanap-infra/archiverMedia/pkg/utils/fs.go:92.13,94.3 1 0
github.com/fanap-infra/archiverMedia/pkg/utils/fs.go:94.8,94.20 1 0
github.com/fanap-infra/archiverMedia/pkg/utils/fs.go:94.20,96.3 1 0
github.com/fanap-infra/archiverMedia/pkg/utils/fs.go:96.8,98.3 1 0
github.com/fanap-infra/archiverMedia/pkg/utils/fs.go:102.83,105.2 1 0
github.com/fanap-infra/archiverMedia/pkg/utils/fs.go:107.43,109.16 2 0
github.com/fanap-infra/archiverMedia/pkg/utils/fs.go:112.2,112.23 1 0
github.com/fanap-infra/archiverMedia/pkg/utils/fs.go:109.16,111.3 1 0
github.com/fanap-infra/archiverMedia/pkg/utils/fs.go:115.40,118.2 2 0
github.com/fanap-infra/archiverMedia/pkg/virtualMedia/IO.go:8.63,9.17 1 1
github.com/fanap-infra/archiverMedia/pkg/virtualMedia/IO.go:12.2,14.34 3 1
github.com/fanap-infra/archiverMedia/pkg/virtualMedia/IO.go:19.2,19.74 1 1
github.com/fanap-infra/archiverMedia/pkg/virtualMedia/IO.go:54.2,55.54 2 1
github.com/fanap-infra/archiverMedia/pkg/virtualMedia/IO.go:61.2,61.12 1 1
github.com/fanap-infra/archiverMedia/pkg/virtualMedia/IO.go:9.17,11.3 1 0
github.com/fanap-infra/archiverMedia/pkg/virtualMedia/IO.go:14.34,17.3 2 0
github.com/fanap-infra/archiverMedia/pkg/virtualMedia/IO.go:19.74,20.64 1 1
github.com/fanap-infra/archiverMedia/pkg/virtualMedia/IO.go:20.64,25.18 2 1
github.com/fanap-infra/archiverMedia/pkg/virtualMedia/IO.go:28.4,30.18 3 1
github.com/fanap-infra/archiverMedia/pkg/virtualMedia/IO.go:33.4,33.32 1 1
github.com/fanap-infra/archiverMedia/pkg/virtualMedia/IO.go:36.4,38.18 3 1
github.com/fanap-infra/archiverMedia/pkg/virtualMedia/IO.go:41.4,42.18 2 1
github.com/fanap-infra/archiverMedia/pkg/virtualMedia/IO.go:46.4,47.32 1 1
github.com/fanap-infra/archiverMedia/pkg/virtualMedia/IO.go:25.18,27.5 1 0
github.com/fanap-infra/archiverMedia/pkg/virtualMedia/IO.go:30.18,32.5 1 0
github.com/fanap-infra/archiverMedia/pkg/virtualMedia/IO.go:33.32,35.5 1 1
github.com/fanap-infra/archiverMedia/pkg/virtualMedia/IO.go:38.18,40.5 1 0
github.com/fanap-infra/archiverMedia/pkg/virtualMedia/IO.go:42.18,44.5 1 0
github.com/fanap-infra/archiverMedia/pkg/virtualMedia/IO.go:55.54,56.35 1 1
github.com/fanap-infra/archiverMedia/pkg/virtualMedia/IO.go:59.3,59.37 1 1
github.com/fanap-infra/archiverMedia/pkg/virtualMedia/IO.go:56.35,58.4 1 1
github.com/fanap-infra/archiverMedia/pkg/virtualMedia/IO.go:64.60,67.87 3 1
github.com/fanap-infra/archiverMedia/pkg/virtualMedia/IO.go:86.2,87.61 2 1
github.com/fanap-infra/archiverMedia/pkg/virtualMedia/IO.go:67.87,69.17 2 1
github.com/fanap-infra/archiverMedia/pkg/virtualMedia/IO.go:74.3,75.29 2 1
github.com/fanap-infra/archiverMedia/pkg/virtualMedia/IO.go:69.17,73.4 2 0
github.com/fanap-infra/archiverMedia/pkg/virtualMedia/IO.go:76.8,76.75 1 1
github.com/fanap-infra/archiverMedia/pkg/virtualMedia/IO.go:76.75,78.17 2 0
github.com/fanap-infra/archiverMedia/pkg/virtualMedia/IO.go:83.3,84.29 2 0
github.com/fanap-infra/archiverMedia/pkg/virtualMedia/IO.go:78.17,82.4 2 0
github.com/fanap-infra/archiverMedia/pkg/virtualMedia/IO.go:90.66,94.16 4 0
github.com/fanap-infra/archiverMedia/pkg/virtualMedia/IO.go:97.2,97.28 1 0
github.com/fanap-infra/archiverMedia/pkg/virtualMedia/IO.go:111.2,111.6 1 0
github.com/fanap-infra/archiverMedia/pkg/virtualMedia/IO.go:94.16,96.3 1 0
github.com/fanap-infra/archiverMedia/pkg/virtualMedia/IO.go:97.28,106.17 2 0
github.com/fanap-infra/archiverMedia/pkg/virtualMedia/IO.go:106.17,108.4 1 0
github.com/fanap-infra/archiverMedia/pkg/virtualMedia/IO.go:111.6,113.41 1 0
github.com/fanap-infra/archiverMedia/pkg/virtualMedia/IO.go:113.41,115.4 1 0
github.com/fanap-infra/archiverMedia/pkg/virtualMedia/IO.go:115.9,115.49 1 0
github.com/fanap-infra/archiverMedia/pkg/virtualMedia/IO.go:115.49,117.18 2 0
github.com/fanap-infra/archiverMedia/pkg/virtualMedia/IO.go:117.18,119.5 1 0
github.com/fanap-infra/archiverMedia/pkg/virtualMedia/IO.go:120.9,122.18 2 0
github.com/fanap-infra/archiverMedia/pkg/virtualMedia/IO.go:122.18,124.5 1 0
github.com/fanap-infra/archiverMedia/pkg/virtualMedia/IO.go:132.39,138.36 5 1
github.com/fanap-infra/archiverMedia/pkg/virtualMedia/IO.go:166.2,167.16 2 1
github.com/fanap-infra/archiverMedia/pkg/virtualMedia/IO.go:170.2,173.38 4 1
github.com/fanap-infra/archiverMedia/pkg/virtualMedia/IO.go:138.36,140.17 2 1
github.com/fanap-infra/archiverMedia/pkg/virtualMedia/IO.go:143.3,145.17 3 1
github.com/fanap-infra/archiverMedia/pkg/virtualMedia/IO.go:148.3,148.31 1 1
github.com/fanap-infra/archiverMedia/pkg/virtualMedia/IO.go:151.3,153.17 3 1
github.com/fanap-infra/archiverMedia/pkg/virtualMedia/IO.go:156.3,157.17 2 1
github.com/fanap-infra/archiverMedia/pkg/virtualMedia/IO.go:162.3,162.69 1 1
github.com/fanap-infra/archiverMedia/pkg/virtualMedia/IO.go:140.17,142.4 1 0
github.com/fanap-infra/archiverMedia/pkg/virtualMedia/IO.go:145.17,147.4 1 0
github.com/fanap-infra/archiverMedia/pkg/virtualMedia/IO.go:148.31,150.4 1 0
github.com/fanap-infra/archiverMedia/pkg/virtualMedia/IO.go:153.17,155.4 1 0
github.com/fanap-infra/archiverMedia/pkg/virtualMedia/IO.go:157.17,159.4 1 0
github.com/fanap-infra/archiverMedia/pkg/virtualMedia/IO.go:167.16,169.3 1 0
github.com/fanap-infra/archiverMedia/pkg/virtualMedia/IO.go:176.57,182.36 5 0
github.com/fanap-infra/archiverMedia/pkg/virtualMedia/IO.go:208.2,209.16 2 0
github.com/fanap-infra/archiverMedia/pkg/virtualMedia/IO.go:212.2,215.12 4 0
github.com/fanap-infra/archiverMedia/pkg/virtualMedia/IO.go:182.36,184.17 2 0
github.com/fanap-infra/archiverMedia/pkg/virtualMedia/IO.go:187.3,189.17 3 0
github.com/fanap-infra/archiverMedia/pkg/virtualMedia/IO.go:192.3,192.31 1 0
github.com/fanap-infra/archiverMedia/pkg/virtualMedia/IO.go:195.3,197.17 3 0
github.com/fanap-infra/archiverMedia/pkg/virtualMedia/IO.go:200.3,201.17 2 0
github.com/fanap-infra/archiverMedia/pkg/virtualMedia/IO.go:205.3,205.69 1 0
github.com/fanap-infra/archiverMedia/pkg/virtualMedia/IO.go:184.17,186.4 1 0
github.com/fanap-infra/archiverMedia/pkg/virtualMedia/IO.go:189.17,191.4 1 0
github.com/fanap-infra/archiverMedia/pkg/virtualMedia/IO.go:192.31,194.4 1 0
github.com/fanap-infra/archiverMedia/pkg/virtualMedia/IO.go:197.17,199.4 1 0
github.com/fanap-infra/archiverMedia/pkg/virtualMedia/IO.go:201.17,203.4 1 0
github.com/fanap-infra/archiverMedia/pkg/virtualMedia/IO.go:209.16,211.3 1 0
github.com/fanap-infra/archiverMedia/pkg/virtualMedia/frame.go:16.65,18.16 2 1
github.com/fanap-infra/archiverMedia/pkg/virtualMedia/frame.go:21.2,25.15 5 1
github.com/fanap-infra/archiverMedia/pkg/virtualMedia/frame.go:18.16,20.3 1 0
github.com/fanap-infra/archiverMedia/pkg/virtualMedia/frame.go:28.70,32.6 4 1
github.com/fanap-infra/archiverMedia/pkg/virtualMedia/frame.go:32.6,33.54 1 1
github.com/fanap-infra/archiverMedia/pkg/virtualMedia/frame.go:52.3,52.27 1 1
github.com/fanap-infra/archiverMedia/pkg/virtualMedia/frame.go:61.3,62.13 2 1
github.com/fanap-infra/archiverMedia/pkg/virtualMedia/frame.go:68.3,68.45 1 1
github.com/fanap-infra/archiverMedia/pkg/virtualMedia/frame.go:33.54,34.85 1 1
github.com/fanap-infra/archiverMedia/pkg/virtualMedia/frame.go:34.85,37.19 3 1
github.com/fanap-infra/archiverMedia/pkg/virtualMedia/frame.go:44.5,48.19 3 1
github.com/fanap-infra/archiverMedia/pkg/virtualMedia/frame.go:37.19,43.6 3 0
github.com/fanap-infra/archiverMedia/pkg/virtualMedia/frame.go:52.27,54.28 2 1
github.com/fanap-infra/archiverMedia/pkg/virtualMedia/frame.go:54.28,57.13 2 1
github.com/fanap-infra/archiverMedia/pkg/virtualMedia/frame.go:62.13,63.36 1 0
github.com/fanap-infra/archiverMedia/pkg/virtualMedia/frame.go:66.4,66.19 1 0
github.com/fanap-infra/archiverMedia/pkg/virtualMedia/frame.go:63.36,65.5 1 0
github.com/fanap-infra/archiverMedia/pkg/virtualMedia/frame.go:72.74,73.28 1 0
github.com/fanap-infra/archiverMedia/pkg/virtualMedia/frame.go:80.2,82.22 3 0
github.com/fanap-infra/archiverMedia/pkg/virtualMedia/frame.go:85.2,87.6 3 0
github.com/fanap-infra/archiverMedia/pkg/virtualMedia/frame.go:73.28,74.33 1 0
github.com/fanap-infra/archiverMedia/pkg/virtualMedia/frame.go:74.33,76.4 1 0
github.com/fanap-infra/archiverMedia/pkg/virtualMedia/frame.go:77.8,79.3 1 0
github.com/fanap-infra/archiverMedia/pkg/virtualMedia/frame.go:82.22,84.3 1 0
github.com/fanap-infra/archiverMedia/pkg/virtualMedia/frame.go:87.6,89.13 2 0
github.com/fanap-infra/archiverMedia/pkg/virtualMedia/frame.go:92.3,94.17 3 0
github.com/fanap-infra/archiverMedia/pkg/virtualMedia/frame.go:97.3,97.43 1 0
github.com/fanap-infra/archiverMedia/pkg/virtualMedia/frame.go:89.13,91.4 1 0
github.com/fanap-infra/archiverMedia/pkg/virtualMedia/frame.go:94.17,96.4 1 0
github.com/fanap-infra/archiverMedia/pkg/virtualMedia/frame.go:97.43,99.4 1 0
github.com/fanap-infra/archiverMedia/pkg/virtualMedia/frame.go:99.9,99.47 1 0
github.com/fanap-infra/archiverMedia/pkg/virtualMedia/frame.go:99.47,101.4 1 0
github.com/fanap-infra/archiverMedia/pkg/virtualMedia/frame.go:101.9,103.4 1 0
github.com/fanap-infra/archiverMedia/pkg/virtualMedia/provider.go:11.51,23.2 1 1
github.com/fanap-infra/archiverMedia/pkg/virtualMedia/provider.go:26.33,38.2 1 1
